<?xml version="1.0" encoding="UTF-8"?>
<testsuite name="gpulenta.quipu.payment.integration.PaymentControllerTest" tests="4" skipped="0" failures="0" errors="0" timestamp="2023-11-10T05:14:25" hostname="LUCAS" time="1.159">
  <properties/>
  <testcase name="testGetPaymentByUserId()" classname="gpulenta.quipu.payment.integration.PaymentControllerTest" time="1.147"/>
  <testcase name="testCreatePayment()" classname="gpulenta.quipu.payment.integration.PaymentControllerTest" time="0.003"/>
  <testcase name="testUpdatePayment()" classname="gpulenta.quipu.payment.integration.PaymentControllerTest" time="0.003"/>
  <testcase name="testGetPaymentById()" classname="gpulenta.quipu.payment.integration.PaymentControllerTest" time="0.002"/>
  <system-out><![CDATA[]]></system-out>
  <system-err><![CDATA[]]></system-err>
</testsuite>
