<?xml version="1.0" encoding="UTF-8"?>
<testsuite name="gpulenta.quipu.user.integration.UserControllerTest" tests="3" skipped="0" failures="0" errors="0" timestamp="2023-11-03T20:20:34" hostname="LUCAS" time="0.202">
  <properties/>
  <testcase name="testGetAllUsers()" classname="gpulenta.quipu.user.integration.UserControllerTest" time="0.18"/>
  <testcase name="testUpdateUser()" classname="gpulenta.quipu.user.integration.UserControllerTest" time="0.009"/>
  <testcase name="testCreateUser()" classname="gpulenta.quipu.user.integration.UserControllerTest" time="0.006"/>
  <system-out><![CDATA[15:20:26.149 [Test worker] INFO org.springframework.test.context.support.AnnotationConfigContextLoaderUtils -- Could not detect default configuration classes for test class [gpulenta.quipu.user.integration.UserControllerTest]: UserControllerTest does not declare any static, non-private, non-final, nested classes annotated with @Configuration.
15:20:26.223 [Test worker] INFO org.springframework.boot.test.context.SpringBootTestContextBootstrapper -- Found @SpringBootConfiguration gpulenta.quipu.user.UserServiceApplication for test class gpulenta.quipu.user.integration.UserControllerTest

  .   ____          _            __ _ _
 /\\ / ___'_ __ _ _(_)_ __  __ _ \ \ \ \
( ( )\___ | '_ | '_| | '_ \/ _` | \ \ \ \
 \\/  ___)| |_)| | | | | || (_| |  ) ) ) )
  '  |____| .__|_| |_|_| |_\__, | / / / /
 =========|_|==============|___/=/_/_/_/
 :: Spring Boot ::                (v3.1.4)

2023-11-03T15:20:26.943-05:00  INFO 6468 --- [    Test worker] c.c.c.ConfigServicePropertySourceLocator : Fetching config from server at : http://localhost:8081
2023-11-03T15:20:27.922-05:00  INFO 6468 --- [    Test worker] c.c.c.ConfigServicePropertySourceLocator : Located environment: name=user-service, profiles=[default], label=null, version=17cec537c0779a482ee3e724e3b814e05ed946b8, state=null
2023-11-03T15:20:27.923-05:00  INFO 6468 --- [    Test worker] b.c.PropertySourceBootstrapConfiguration : Located property source: [BootstrapPropertySource {name='bootstrapProperties-configClient'}, BootstrapPropertySource {name='bootstrapProperties-https://github.com/G-Pulenta-SI657/Back-End-Quipu.git/config-data/user-service.yml'}]
2023-11-03T15:20:27.935-05:00  INFO 6468 --- [    Test worker] g.q.user.integration.UserControllerTest  : No active profile set, falling back to 1 default profile: "default"
2023-11-03T15:20:28.737-05:00  INFO 6468 --- [    Test worker] .s.d.r.c.RepositoryConfigurationDelegate : Bootstrapping Spring Data JPA repositories in DEFAULT mode.
2023-11-03T15:20:28.842-05:00  INFO 6468 --- [    Test worker] .s.d.r.c.RepositoryConfigurationDelegate : Finished Spring Data repository scanning in 99 ms. Found 1 JPA repository interfaces.
2023-11-03T15:20:29.143-05:00  INFO 6468 --- [    Test worker] o.s.cloud.context.scope.GenericScope     : BeanFactory id=0689ab6c-5ce2-3eef-ae22-0750a655dc05
2023-11-03T15:20:29.631-05:00  INFO 6468 --- [    Test worker] o.hibernate.jpa.internal.util.LogHelper  : HHH000204: Processing PersistenceUnitInfo [name: default]
2023-11-03T15:20:29.710-05:00  INFO 6468 --- [    Test worker] org.hibernate.Version                    : HHH000412: Hibernate ORM core version 6.2.9.Final
2023-11-03T15:20:29.712-05:00  INFO 6468 --- [    Test worker] org.hibernate.cfg.Environment            : HHH000406: Using bytecode reflection optimizer
2023-11-03T15:20:29.827-05:00  INFO 6468 --- [    Test worker] o.h.b.i.BytecodeProviderInitiator        : HHH000021: Bytecode provider name : bytebuddy
2023-11-03T15:20:29.930-05:00  INFO 6468 --- [    Test worker] o.s.o.j.p.SpringPersistenceUnitInfo      : No LoadTimeWeaver setup: ignoring JPA class transformer
2023-11-03T15:20:29.942-05:00  INFO 6468 --- [    Test worker] com.zaxxer.hikari.HikariDataSource       : HikariPool-1 - Starting...
2023-11-03T15:20:30.186-05:00  INFO 6468 --- [    Test worker] com.zaxxer.hikari.pool.HikariPool        : HikariPool-1 - Added connection com.mysql.cj.jdbc.ConnectionImpl@2087c939
2023-11-03T15:20:30.188-05:00  INFO 6468 --- [    Test worker] com.zaxxer.hikari.HikariDataSource       : HikariPool-1 - Start completed.
2023-11-03T15:20:30.407-05:00  INFO 6468 --- [    Test worker] o.h.b.i.BytecodeProviderInitiator        : HHH000021: Bytecode provider name : bytebuddy
2023-11-03T15:20:30.877-05:00  INFO 6468 --- [    Test worker] o.h.e.t.j.p.i.JtaPlatformInitiator       : HHH000490: Using JtaPlatform implementation: [org.hibernate.engine.transaction.jta.platform.internal.NoJtaPlatform]
2023-11-03T15:20:30.912-05:00  INFO 6468 --- [    Test worker] j.LocalContainerEntityManagerFactoryBean : Initialized JPA EntityManagerFactory for persistence unit 'default'
2023-11-03T15:20:31.954-05:00  WARN 6468 --- [    Test worker] JpaBaseConfiguration$JpaWebConfiguration : spring.jpa.open-in-view is enabled by default. Therefore, database queries may be performed during view rendering. Explicitly configure spring.jpa.open-in-view to disable this warning
2023-11-03T15:20:33.551-05:00  INFO 6468 --- [    Test worker] DiscoveryClientOptionalArgsConfiguration : Eureka HTTP Client uses RestTemplate.
2023-11-03T15:20:33.617-05:00  WARN 6468 --- [    Test worker] iguration$LoadBalancerCaffeineWarnLogger : Spring Cloud LoadBalancer is currently working with the default cache. While this cache implementation is useful for development and tests, it's recommended to use Caffeine cache in production.You can switch to using Caffeine cache, by adding it and org.springframework.cache.caffeine.CaffeineCacheManager to the classpath.
2023-11-03T15:20:33.649-05:00  INFO 6468 --- [    Test worker] o.s.b.a.e.web.EndpointLinksResolver      : Exposing 26 endpoint(s) beneath base path '/actuator'
2023-11-03T15:20:33.713-05:00  INFO 6468 --- [    Test worker] o.s.c.n.eureka.InstanceInfoFactory       : Setting initial instance status as: STARTING
2023-11-03T15:20:33.834-05:00  INFO 6468 --- [    Test worker] com.netflix.discovery.DiscoveryClient    : Initializing Eureka in region us-east-1
2023-11-03T15:20:33.844-05:00  INFO 6468 --- [    Test worker] c.n.d.s.r.aws.ConfigClusterResolver      : Resolving eureka endpoints via configuration
2023-11-03T15:20:33.875-05:00  INFO 6468 --- [    Test worker] com.netflix.discovery.DiscoveryClient    : Disable delta property : false
2023-11-03T15:20:33.876-05:00  INFO 6468 --- [    Test worker] com.netflix.discovery.DiscoveryClient    : Single vip registry refresh property : null
2023-11-03T15:20:33.876-05:00  INFO 6468 --- [    Test worker] com.netflix.discovery.DiscoveryClient    : Force full registry fetch : false
2023-11-03T15:20:33.876-05:00  INFO 6468 --- [    Test worker] com.netflix.discovery.DiscoveryClient    : Application is null : false
2023-11-03T15:20:33.876-05:00  INFO 6468 --- [    Test worker] com.netflix.discovery.DiscoveryClient    : Registered Applications size is zero : true
2023-11-03T15:20:33.876-05:00  INFO 6468 --- [    Test worker] com.netflix.discovery.DiscoveryClient    : Application version is -1: true
2023-11-03T15:20:33.876-05:00  INFO 6468 --- [    Test worker] com.netflix.discovery.DiscoveryClient    : Getting all instance registry info from the eureka server
2023-11-03T15:20:33.969-05:00  INFO 6468 --- [    Test worker] com.netflix.discovery.DiscoveryClient    : The response status is 200
2023-11-03T15:20:33.972-05:00  INFO 6468 --- [    Test worker] com.netflix.discovery.DiscoveryClient    : Starting heartbeat executor: renew interval is: 30
2023-11-03T15:20:33.974-05:00  INFO 6468 --- [    Test worker] c.n.discovery.InstanceInfoReplicator     : InstanceInfoReplicator onDemand update allowed rate per min is 4
2023-11-03T15:20:33.977-05:00  INFO 6468 --- [    Test worker] com.netflix.discovery.DiscoveryClient    : Discovery Client initialized at timestamp 1699042833977 with initial instances count: 1
2023-11-03T15:20:33.985-05:00  INFO 6468 --- [    Test worker] o.s.c.n.e.s.EurekaServiceRegistry        : Registering application USER-SERVICE with eureka with status UP
2023-11-03T15:20:33.985-05:00  INFO 6468 --- [    Test worker] com.netflix.discovery.DiscoveryClient    : Saw local status change event StatusChangeEvent [timestamp=1699042833985, current=UP, previous=STARTING]
2023-11-03T15:20:33.987-05:00  INFO 6468 --- [nfoReplicator-0] com.netflix.discovery.DiscoveryClient    : DiscoveryClient_USER-SERVICE/Lucas:user-service:8091: registering service...
2023-11-03T15:20:34.004-05:00  INFO 6468 --- [    Test worker] g.q.user.integration.UserControllerTest  : Started UserControllerTest in 7.656 seconds (process running for 8.614)
2023-11-03T15:20:34.016-05:00 ERROR 6468 --- [gistrationTask1] o.s.s.s.TaskUtils$LoggingErrorHandler    : Unexpected error occurred in scheduled task

java.lang.IllegalStateException: couldn't determine local port. Please set spring.boot.admin.client.instance.service-base-url.
	at de.codecentric.boot.admin.client.registration.DefaultApplicationFactory.getLocalServerPort(DefaultApplicationFactory.java:205) ~[spring-boot-admin-client-3.1.5.jar:3.1.5]
	at de.codecentric.boot.admin.client.registration.DefaultApplicationFactory.getServiceBaseUrl(DefaultApplicationFactory.java:109) ~[spring-boot-admin-client-3.1.5.jar:3.1.5]
	at de.codecentric.boot.admin.client.registration.ServletApplicationFactory.getServiceUrl(ServletApplicationFactory.java:62) ~[spring-boot-admin-client-3.1.5.jar:3.1.5]
	at de.codecentric.boot.admin.client.registration.ServletApplicationFactory.getManagementBaseUrl(ServletApplicationFactory.java:77) ~[spring-boot-admin-client-3.1.5.jar:3.1.5]
	at de.codecentric.boot.admin.client.registration.DefaultApplicationFactory.getHealthUrl(DefaultApplicationFactory.java:165) ~[spring-boot-admin-client-3.1.5.jar:3.1.5]
	at de.codecentric.boot.admin.client.registration.DefaultApplicationFactory.createApplication(DefaultApplicationFactory.java:80) ~[spring-boot-admin-client-3.1.5.jar:3.1.5]
	at de.codecentric.boot.admin.client.registration.DefaultApplicationRegistrator.register(DefaultApplicationRegistrator.java:56) ~[spring-boot-admin-client-3.1.5.jar:3.1.5]
	at org.springframework.scheduling.support.DelegatingErrorHandlingRunnable.run(DelegatingErrorHandlingRunnable.java:54) ~[spring-context-6.0.12.jar:6.0.12]
	at java.base/java.util.concurrent.Executors$RunnableAdapter.call(Executors.java:577) ~[na:na]
	at java.base/java.util.concurrent.FutureTask.runAndReset(FutureTask.java:358) ~[na:na]
	at java.base/java.util.concurrent.ScheduledThreadPoolExecutor$ScheduledFutureTask.run(ScheduledThreadPoolExecutor.java:305) ~[na:na]
	at java.base/java.util.concurrent.ThreadPoolExecutor.runWorker(ThreadPoolExecutor.java:1144) ~[na:na]
	at java.base/java.util.concurrent.ThreadPoolExecutor$Worker.run(ThreadPoolExecutor.java:642) ~[na:na]
	at java.base/java.lang.Thread.run(Thread.java:1623) ~[na:na]

2023-11-03T15:20:34.024-05:00  INFO 6468 --- [nfoReplicator-0] com.netflix.discovery.DiscoveryClient    : DiscoveryClient_USER-SERVICE/Lucas:user-service:8091 - registration status: 204
]]></system-out>
  <system-err><![CDATA[]]></system-err>
</testsuite>
